# JRE version: Java(TM) SE Runtime Environment (7.0_67-b01) (build 1.7.0_67-b01)
# Java VM: Java HotSpot(TM) 64-Bit Server VM (24.65-b04 mixed mode bsd-amd64 compressed oops)
Heap
 PSYoungGen      total 67072K, used 2112K [0x00000007f5500000, 0x00000007fb400000, 0x0000000800000000)
  eden space 60928K, 3% used [0x00000007f5500000,0x00000007f5710188,0x00000007f9080000)
  from space 6144K, 0% used [0x00000007f9080000,0x00000007f9080000,0x00000007f9680000)
  to   space 6144K, 0% used [0x00000007fae00000,0x00000007fae00000,0x00000007fb400000)
 ParOldGen       total 349184K, used 264104K [0x00000007e0000000, 0x00000007f5500000, 0x00000007f5500000)
  object space 349184K, 75% used [0x00000007e0000000,0x00000007f01ea350,0x00000007f5500000)
 PSPermGen       total 21504K, used 9082K [0x00000007dae00000, 0x00000007dc300000, 0x00000007e0000000)
  object space 21504K, 42% used [0x00000007dae00000,0x00000007db6de840,0x00000007dc300000)
GC Heap History (10 events):
Event: 4.824 GC heap before
{Heap before GC invocations=9 (full 2):
 PSYoungGen      total 41984K, used 0K [0x00000007f5500000, 0x00000007f8580000, 0x0000000800000000)
  eden space 35328K, 0% used [0x00000007f5500000,0x00000007f5500018,0x00000007f7780000)
  from space 6656K, 0% used [0x00000007f7e00000,0x00000007f7e00000,0x00000007f8480000)
  to   space 6656K, 0% used [0x00000007f7780000,0x00000007f7780000,0x00000007f7e00000)
 ParOldGen       total 349184K, used 329771K [0x00000007e0000000, 0x00000007f5500000, 0x00000007f5500000)
  object space 349184K, 94% used [0x00000007e0000000,0x00000007f420afd8,0x00000007f5500000)
 PSPermGen       total 21504K, used 9081K [0x00000007dae00000, 0x00000007dc300000, 0x00000007e0000000)
  object space 21504K, 42% used [0x00000007dae00000,0x00000007db6de6e8,0x00000007dc300000)
Event: 4.828 GC heap after
Heap after GC invocations=9 (full 2):
 PSYoungGen      total 41984K, used 32K [0x00000007f5500000, 0x00000007f9d00000, 0x0000000800000000)
  eden space 35328K, 0% used [0x00000007f5500000,0x00000007f5500000,0x00000007f7780000)
  from space 6656K, 0% used [0x00000007f7780000,0x00000007f7788000,0x00000007f7e00000)
  to   space 6656K, 0% used [0x00000007f9680000,0x00000007f9680000,0x00000007f9d00000)
 ParOldGen       total 349184K, used 329771K [0x00000007e0000000, 0x00000007f5500000, 0x00000007f5500000)
  object space 349184K, 94% used [0x00000007e0000000,0x00000007f420afd8,0x00000007f5500000)
 PSPermGen       total 21504K, used 9081K [0x00000007dae00000, 0x00000007dc300000, 0x00000007e0000000)
  object space 21504K, 42% used [0x00000007dae00000,0x00000007db6de6e8,0x00000007dc300000)
}
Event: 4.828 GC heap before
{Heap before GC invocations=10 (full 2):
 PSYoungGen      total 41984K, used 32K [0x00000007f5500000, 0x00000007f9d00000, 0x0000000800000000)
  eden space 35328K, 0% used [0x00000007f5500000,0x00000007f5500000,0x00000007f7780000)
  from space 6656K, 0% used [0x00000007f7780000,0x00000007f7788000,0x00000007f7e00000)
  to   space 6656K, 0% used [0x00000007f9680000,0x00000007f9680000,0x00000007f9d00000)
 ParOldGen       total 349184K, used 329771K [0x00000007e0000000, 0x00000007f5500000, 0x00000007f5500000)
  object space 349184K, 94% used [0x00000007e0000000,0x00000007f420afd8,0x00000007f5500000)
 PSPermGen       total 21504K, used 9081K [0x00000007dae00000, 0x00000007dc300000, 0x00000007e0000000)
  object space 21504K, 42% used [0x00000007dae00000,0x00000007db6de6e8,0x00000007dc300000)
Event: 4.832 GC heap after
Heap after GC invocations=10 (full 2):
 PSYoungGen      total 67584K, used 32K [0x00000007f5500000, 0x00000007f9e80000, 0x0000000800000000)
  eden space 60928K, 0% used [0x00000007f5500000,0x00000007f5500000,0x00000007f9080000)
  from space 6656K, 0% used [0x00000007f9680000,0x00000007f9688000,0x00000007f9d00000)
  to   space 6144K, 0% used [0x00000007f9080000,0x00000007f9080000,0x00000007f9680000)
 ParOldGen       total 349184K, used 329771K [0x00000007e0000000, 0x00000007f5500000, 0x00000007f5500000)
  object space 349184K, 94% used [0x00000007e0000000,0x00000007f420afd8,0x00000007f5500000)
 PSPermGen       total 21504K, used 9081K [0x00000007dae00000, 0x00000007dc300000, 0x00000007e0000000)
  object space 21504K, 42% used [0x00000007dae00000,0x00000007db6de6e8,0x00000007dc300000)
}
Event: 4.832 GC heap before
{Heap before GC invocations=11 (full 3):
 PSYoungGen      total 67584K, used 32K [0x00000007f5500000, 0x00000007f9e80000, 0x0000000800000000)
  eden space 60928K, 0% used [0x00000007f5500000,0x00000007f5500000,0x00000007f9080000)
  from space 6656K, 0% used [0x00000007f9680000,0x00000007f9688000,0x00000007f9d00000)
  to   space 6144K, 0% used [0x00000007f9080000,0x00000007f9080000,0x00000007f9680000)
 ParOldGen       total 349184K, used 329771K [0x00000007e0000000, 0x00000007f5500000, 0x00000007f5500000)
  object space 349184K, 94% used [0x00000007e0000000,0x00000007f420afd8,0x00000007f5500000)
 PSPermGen       total 21504K, used 9081K [0x00000007dae00000, 0x00000007dc300000, 0x00000007e0000000)
  object space 21504K, 42% used [0x00000007dae00000,0x00000007db6de6e8,0x00000007dc300000)
Event: 4.956 GC heap after
Heap after GC invocations=11 (full 3):
 PSYoungGen      total 67584K, used 0K [0x00000007f5500000, 0x00000007f9e80000, 0x0000000800000000)
  eden space 60928K, 0% used [0x00000007f5500000,0x00000007f5500000,0x00000007f9080000)
  from space 6656K, 0% used [0x00000007f9680000,0x00000007f9680000,0x00000007f9d00000)
  to   space 6144K, 0% used [0x00000007f9080000,0x00000007f9080000,0x00000007f9680000)
 ParOldGen       total 295936K, used 264231K [0x00000007e0000000, 0x00000007f2100000, 0x00000007f5500000)
  object space 295936K, 89% used [0x00000007e0000000,0x00000007f0209cd0,0x00000007f2100000)
 PSPermGen       total 21504K, used 9081K [0x00000007dae00000, 0x00000007dc300000, 0x00000007e0000000)
  object space 21504K, 42% used [0x00000007dae00000,0x00000007db6de6e8,0x00000007dc300000)
}
Event: 4.957 GC heap before
{Heap before GC invocations=12 (full 3):
 PSYoungGen      total 67584K, used 0K [0x00000007f5500000, 0x00000007f9e80000, 0x0000000800000000)
  eden space 60928K, 0% used [0x00000007f5500000,0x00000007f5500000,0x00000007f9080000)
  from space 6656K, 0% used [0x00000007f9680000,0x00000007f9680000,0x00000007f9d00000)
  to   space 6144K, 0% used [0x00000007f9080000,0x00000007f9080000,0x00000007f9680000)
 ParOldGen       total 349184K, used 264231K [0x00000007e0000000, 0x00000007f5500000, 0x00000007f5500000)
  object space 349184K, 75% used [0x00000007e0000000,0x00000007f0209cd0,0x00000007f5500000)
 PSPermGen       total 21504K, used 9081K [0x00000007dae00000, 0x00000007dc300000, 0x00000007e0000000)
  object space 21504K, 42% used [0x00000007dae00000,0x00000007db6de6e8,0x00000007dc300000)
Event: 4.960 GC heap after
Heap after GC invocations=12 (full 3):
 PSYoungGen      total 67072K, used 0K [0x00000007f5500000, 0x00000007fb400000, 0x0000000800000000)
  eden space 60928K, 0% used [0x00000007f5500000,0x00000007f5500000,0x00000007f9080000)
  from space 6144K, 0% used [0x00000007f9080000,0x00000007f9080000,0x00000007f9680000)
  to   space 6144K, 0% used [0x00000007fae00000,0x00000007fae00000,0x00000007fb400000)
 ParOldGen       total 349184K, used 264231K [0x00000007e0000000, 0x00000007f5500000, 0x00000007f5500000)
  object space 349184K, 75% used [0x00000007e0000000,0x00000007f0209cd0,0x00000007f5500000)
 PSPermGen       total 21504K, used 9081K [0x00000007dae00000, 0x00000007dc300000, 0x00000007e0000000)
  object space 21504K, 42% used [0x00000007dae00000,0x00000007db6de6e8,0x00000007dc300000)
}
Event: 4.960 GC heap before
{Heap before GC invocations=13 (full 4):
 PSYoungGen      total 67072K, used 0K [0x00000007f5500000, 0x00000007fb400000, 0x0000000800000000)
  eden space 60928K, 0% used [0x00000007f5500000,0x00000007f5500000,0x00000007f9080000)
  from space 6144K, 0% used [0x00000007f9080000,0x00000007f9080000,0x00000007f9680000)
  to   space 6144K, 0% used [0x00000007fae00000,0x00000007fae00000,0x00000007fb400000)
 ParOldGen       total 349184K, used 264231K [0x00000007e0000000, 0x00000007f5500000, 0x00000007f5500000)
  object space 349184K, 75% used [0x00000007e0000000,0x00000007f0209cd0,0x00000007f5500000)
 PSPermGen       total 21504K, used 9081K [0x00000007dae00000, 0x00000007dc300000, 0x00000007e0000000)
  object space 21504K, 42% used [0x00000007dae00000,0x00000007db6de6e8,0x00000007dc300000)
Event: 5.099 GC heap after
Heap after GC invocations=13 (full 4):
 PSYoungGen      total 67072K, used 0K [0x00000007f5500000, 0x00000007fb400000, 0x0000000800000000)
  eden space 60928K, 0% used [0x00000007f5500000,0x00000007f5500000,0x00000007f9080000)
  from space 6144K, 0% used [0x00000007f9080000,0x00000007f9080000,0x00000007f9680000)
  to   space 6144K, 0% used [0x00000007fae00000,0x00000007fae00000,0x00000007fb400000)
 ParOldGen       total 302080K, used 264104K [0x00000007e0000000, 0x00000007f2700000, 0x00000007f5500000)
  object space 302080K, 87% used [0x00000007e0000000,0x00000007f01ea350,0x00000007f2700000)
 PSPermGen       total 21504K, used 9081K [0x00000007dae00000, 0x00000007dc300000, 0x00000007e0000000)
  object space 21504K, 42% used [0x00000007dae00000,0x00000007db6de6e8,0x00000007dc300000)
}

