# JRE version: Java(TM) SE Runtime Environment (7.0_67-b01) (build 1.7.0_67-b01)
# Java VM: Java HotSpot(TM) 64-Bit Server VM (24.65-b04 mixed mode bsd-amd64 compressed oops)
Heap
 PSYoungGen      total 84992K, used 2601K [0x00000007f5500000, 0x00000007fb200000, 0x0000000800000000)
  eden space 80896K, 3% used [0x00000007f5500000,0x00000007f578a720,0x00000007fa400000)
  from space 4096K, 0% used [0x00000007fae00000,0x00000007fae00000,0x00000007fb200000)
  to   space 7168K, 0% used [0x00000007fa400000,0x00000007fa400000,0x00000007fab00000)
 ParOldGen       total 349184K, used 264107K [0x00000007e0000000, 0x00000007f5500000, 0x00000007f5500000)
  object space 349184K, 75% used [0x00000007e0000000,0x00000007f01eade8,0x00000007f5500000)
 PSPermGen       total 21504K, used 9114K [0x00000007dae00000, 0x00000007dc300000, 0x00000007e0000000)
  object space 21504K, 42% used [0x00000007dae00000,0x00000007db6e6b58,0x00000007dc300000)
GC Heap History (10 events):
Event: 3.244 GC heap before
{Heap before GC invocations=11 (full 3):
 PSYoungGen      total 40448K, used 392K [0x00000007f5500000, 0x00000007f9f80000, 0x0000000800000000)
  eden space 32256K, 1% used [0x00000007f5500000,0x00000007f5562198,0x00000007f7480000)
  from space 8192K, 0% used [0x00000007f7480000,0x00000007f7480000,0x00000007f7c80000)
  to   space 8192K, 0% used [0x00000007f9780000,0x00000007f9780000,0x00000007f9f80000)
 ParOldGen       total 349184K, used 329767K [0x00000007e0000000, 0x00000007f5500000, 0x00000007f5500000)
  object space 349184K, 94% used [0x00000007e0000000,0x00000007f4209ce8,0x00000007f5500000)
 PSPermGen       total 21504K, used 9112K [0x00000007dae00000, 0x00000007dc300000, 0x00000007e0000000)
  object space 21504K, 42% used [0x00000007dae00000,0x00000007db6e6370,0x00000007dc300000)
Event: 3.248 GC heap after
Heap after GC invocations=11 (full 3):
 PSYoungGen      total 59904K, used 32K [0x00000007f5500000, 0x00000007f9b00000, 0x0000000800000000)
  eden space 56320K, 0% used [0x00000007f5500000,0x00000007f5500000,0x00000007f8c00000)
  from space 3584K, 0% used [0x00000007f9780000,0x00000007f9788000,0x00000007f9b00000)
  to   space 7680K, 0% used [0x00000007f8c00000,0x00000007f8c00000,0x00000007f9380000)
 ParOldGen       total 349184K, used 329767K [0x00000007e0000000, 0x00000007f5500000, 0x00000007f5500000)
  object space 349184K, 94% used [0x00000007e0000000,0x00000007f4209ce8,0x00000007f5500000)
 PSPermGen       total 21504K, used 9112K [0x00000007dae00000, 0x00000007dc300000, 0x00000007e0000000)
  object space 21504K, 42% used [0x00000007dae00000,0x00000007db6e6370,0x00000007dc300000)
}
Event: 3.248 GC heap before
{Heap before GC invocations=12 (full 3):
 PSYoungGen      total 59904K, used 32K [0x00000007f5500000, 0x00000007f9b00000, 0x0000000800000000)
  eden space 56320K, 0% used [0x00000007f5500000,0x00000007f5500000,0x00000007f8c00000)
  from space 3584K, 0% used [0x00000007f9780000,0x00000007f9788000,0x00000007f9b00000)
  to   space 7680K, 0% used [0x00000007f8c00000,0x00000007f8c00000,0x00000007f9380000)
 ParOldGen       total 349184K, used 329767K [0x00000007e0000000, 0x00000007f5500000, 0x00000007f5500000)
  object space 349184K, 94% used [0x00000007e0000000,0x00000007f4209ce8,0x00000007f5500000)
 PSPermGen       total 21504K, used 9112K [0x00000007dae00000, 0x00000007dc300000, 0x00000007e0000000)
  object space 21504K, 42% used [0x00000007dae00000,0x00000007db6e6370,0x00000007dc300000)
Event: 3.252 GC heap after
Heap after GC invocations=12 (full 3):
 PSYoungGen      total 64000K, used 32K [0x00000007f5500000, 0x00000007fb580000, 0x0000000800000000)
  eden space 56320K, 0% used [0x00000007f5500000,0x00000007f5500000,0x00000007f8c00000)
  from space 7680K, 0% used [0x00000007f8c00000,0x00000007f8c08000,0x00000007f9380000)
  to   space 7680K, 0% used [0x00000007fae00000,0x00000007fae00000,0x00000007fb580000)
 ParOldGen       total 349184K, used 329767K [0x00000007e0000000, 0x00000007f5500000, 0x00000007f5500000)
  object space 349184K, 94% used [0x00000007e0000000,0x00000007f4209ce8,0x00000007f5500000)
 PSPermGen       total 21504K, used 9112K [0x00000007dae00000, 0x00000007dc300000, 0x00000007e0000000)
  object space 21504K, 42% used [0x00000007dae00000,0x00000007db6e6370,0x00000007dc300000)
}
Event: 3.252 GC heap before
{Heap before GC invocations=13 (full 4):
 PSYoungGen      total 64000K, used 32K [0x00000007f5500000, 0x00000007fb580000, 0x0000000800000000)
  eden space 56320K, 0% used [0x00000007f5500000,0x00000007f5500000,0x00000007f8c00000)
  from space 7680K, 0% used [0x00000007f8c00000,0x00000007f8c08000,0x00000007f9380000)
  to   space 7680K, 0% used [0x00000007fae00000,0x00000007fae00000,0x00000007fb580000)
 ParOldGen       total 349184K, used 329767K [0x00000007e0000000, 0x00000007f5500000, 0x00000007f5500000)
  object space 349184K, 94% used [0x00000007e0000000,0x00000007f4209ce8,0x00000007f5500000)
 PSPermGen       total 21504K, used 9112K [0x00000007dae00000, 0x00000007dc300000, 0x00000007e0000000)
  object space 21504K, 42% used [0x00000007dae00000,0x00000007db6e6370,0x00000007dc300000)
Event: 3.325 GC heap after
Heap after GC invocations=13 (full 4):
 PSYoungGen      total 64000K, used 0K [0x00000007f5500000, 0x00000007fb580000, 0x0000000800000000)
  eden space 56320K, 0% used [0x00000007f5500000,0x00000007f5500000,0x00000007f8c00000)
  from space 7680K, 0% used [0x00000007f8c00000,0x00000007f8c00000,0x00000007f9380000)
  to   space 7680K, 0% used [0x00000007fae00000,0x00000007fae00000,0x00000007fb580000)
 ParOldGen       total 297472K, used 264237K [0x00000007e0000000, 0x00000007f2280000, 0x00000007f5500000)
  object space 297472K, 88% used [0x00000007e0000000,0x00000007f020b4f0,0x00000007f2280000)
 PSPermGen       total 21504K, used 9112K [0x00000007dae00000, 0x00000007dc300000, 0x00000007e0000000)
  object space 21504K, 42% used [0x00000007dae00000,0x00000007db6e6370,0x00000007dc300000)
}
Event: 3.325 GC heap before
{Heap before GC invocations=14 (full 4):
 PSYoungGen      total 64000K, used 0K [0x00000007f5500000, 0x00000007fb580000, 0x0000000800000000)
  eden space 56320K, 0% used [0x00000007f5500000,0x00000007f5500000,0x00000007f8c00000)
  from space 7680K, 0% used [0x00000007f8c00000,0x00000007f8c00000,0x00000007f9380000)
  to   space 7680K, 0% used [0x00000007fae00000,0x00000007fae00000,0x00000007fb580000)
 ParOldGen       total 349184K, used 264237K [0x00000007e0000000, 0x00000007f5500000, 0x00000007f5500000)
  object space 349184K, 75% used [0x00000007e0000000,0x00000007f020b4f0,0x00000007f5500000)
 PSPermGen       total 21504K, used 9112K [0x00000007dae00000, 0x00000007dc300000, 0x00000007e0000000)
  object space 21504K, 42% used [0x00000007dae00000,0x00000007db6e6370,0x00000007dc300000)
Event: 3.329 GC heap after
Heap after GC invocations=14 (full 4):
 PSYoungGen      total 84992K, used 0K [0x00000007f5500000, 0x00000007fb200000, 0x0000000800000000)
  eden space 80896K, 0% used [0x00000007f5500000,0x00000007f5500000,0x00000007fa400000)
  from space 4096K, 0% used [0x00000007fae00000,0x00000007fae00000,0x00000007fb200000)
  to   space 7168K, 0% used [0x00000007fa400000,0x00000007fa400000,0x00000007fab00000)
 ParOldGen       total 349184K, used 264237K [0x00000007e0000000, 0x00000007f5500000, 0x00000007f5500000)
  object space 349184K, 75% used [0x00000007e0000000,0x00000007f020b4f0,0x00000007f5500000)
 PSPermGen       total 21504K, used 9112K [0x00000007dae00000, 0x00000007dc300000, 0x00000007e0000000)
  object space 21504K, 42% used [0x00000007dae00000,0x00000007db6e6370,0x00000007dc300000)
}
Event: 3.329 GC heap before
{Heap before GC invocations=15 (full 5):
 PSYoungGen      total 84992K, used 0K [0x00000007f5500000, 0x00000007fb200000, 0x0000000800000000)
  eden space 80896K, 0% used [0x00000007f5500000,0x00000007f5500000,0x00000007fa400000)
  from space 4096K, 0% used [0x00000007fae00000,0x00000007fae00000,0x00000007fb200000)
  to   space 7168K, 0% used [0x00000007fa400000,0x00000007fa400000,0x00000007fab00000)
 ParOldGen       total 349184K, used 264237K [0x00000007e0000000, 0x00000007f5500000, 0x00000007f5500000)
  object space 349184K, 75% used [0x00000007e0000000,0x00000007f020b4f0,0x00000007f5500000)
 PSPermGen       total 21504K, used 9112K [0x00000007dae00000, 0x00000007dc300000, 0x00000007e0000000)
  object space 21504K, 42% used [0x00000007dae00000,0x00000007db6e6370,0x00000007dc300000)
Event: 3.469 GC heap after
Heap after GC invocations=15 (full 5):
 PSYoungGen      total 84992K, used 0K [0x00000007f5500000, 0x00000007fb200000, 0x0000000800000000)
  eden space 80896K, 0% used [0x00000007f5500000,0x00000007f5500000,0x00000007fa400000)
  from space 4096K, 0% used [0x00000007fae00000,0x00000007fae00000,0x00000007fb200000)
  to   space 7168K, 0% used [0x00000007fa400000,0x00000007fa400000,0x00000007fab00000)
 ParOldGen       total 301568K, used 264107K [0x00000007e0000000, 0x00000007f2680000, 0x00000007f5500000)
  object space 301568K, 87% used [0x00000007e0000000,0x00000007f01eade8,0x00000007f2680000)
 PSPermGen       total 21504K, used 9112K [0x00000007dae00000, 0x00000007dc300000, 0x00000007e0000000)
  object space 21504K, 42% used [0x00000007dae00000,0x00000007db6e6370,0x00000007dc300000)
}

